<?xml version="1.0" encoding="UTF-8" standalone="yes"?>
<ns2:test-suite start="1469004054552" stop="1469004102386" version="1.4.22" xmlns:ns2="urn:model.allure.qatools.yandex.ru">
    <name>Google tests : logo test</name>
    <title>Google tests : logo test</title>
    <test-cases>
        <test-case start="1469004102353" stop="1469004102361" status="broken">
            <name>setUp</name>
            <description>@BeforeTest</description>
            <failure>
                <message>WebDriverException: Failed to connect to binary FirefoxBinary(C:\Program Files (x86)\Mozilla Firefox\firefox.exe) on port 7055; process output follows: 
dons.xpi	DEBUG	Calling bootstrap method startup on firefox@getpocket.com version 1.0.2
1469004056850	addons.xpi	DEBUG	Registering manifest for C:\Program Files (x86)\Mozilla Firefox\browser\features\loop@mozilla.org.xpi
1469004056851	addons.xpi	DEBUG	Calling bootstrap method startup on loop@mozilla.org version 1.3.2
1469004056904	addons.manager	DEBUG	Registering shutdown blocker for XPIProvider
1469004056905	addons.manager	DEBUG	Provider finished startup: XPIProvider
1469004056905	addons.manager	DEBUG	Starting provider: LightweightThemeManager
1469004056905	addons.manager	DEBUG	Registering shutdown blocker for LightweightThemeManager
1469004056906	addons.manager	DEBUG	Provider finished startup: LightweightThemeManager
1469004056908	addons.manager	DEBUG	Starting provider: GMPProvider
1469004056930	addons.manager	DEBUG	Registering shutdown blocker for GMPProvider
1469004056930	addons.manager	DEBUG	Provider finished startup: GMPProvider
1469004056931	addons.manager	DEBUG	Starting provider: PluginProvider
1469004056931	addons.manager	DEBUG	Registering shutdown blocker for PluginProvider
1469004056931	addons.manager	DEBUG	Provider finished startup: PluginProvider
1469004056932	addons.manager	DEBUG	Completed startup sequence
LdrLoadDll: Blocking load of 'activedetect32.dll' -- see http://www.mozilla.com/en-US/blocklist/
LdrLoadDll: Blocking load of 'activedetect32.dll' -- see http://www.mozilla.com/en-US/blocklist/
LdrLoadDll: Blocking load of 'activedetect32.dll' -- see http://www.mozilla.com/en-US/blocklist/
LdrLoadDll: Blocking load of 'activedetect32.dll' -- see http://www.mozilla.com/en-US/blocklist/
LdrLoadDll: Blocking load of 'activedetect32.dll' -- see http://www.mozilla.com/en-US/blocklist/
LdrLoadDll: Blocking load of 'activedetect32.dll' -- see http://www.mozilla.com/en-US/blocklist/
LdrLoadDll: Blocking load of 'activedetect32.dll' -- see http://www.mozilla.com/en-US/blocklist/
LdrLoadDll: Blocking load of 'activedetect32.dll' -- see http://www.mozilla.com/en-US/blocklist/
LdrLoadDll: Blocking load of 'activedetect32.dll' -- see http://www.mozilla.com/en-US/blocklist/
LdrLoadDll: Blocking load of 'activedetect32.dll' -- see http://www.mozilla.com/en-US/blocklist/
1469004057893	addons.manager	DEBUG	Starting provider: &lt;unnamed-provider&gt;
1469004057893	addons.manager	DEBUG	Registering shutdown blocker for &lt;unnamed-provider&gt;
1469004057894	addons.manager	DEBUG	Provider finished startup: &lt;unnamed-provider&gt;
LdrLoadDll: Blocking load of 'activedetect32.dll' -- see http://www.mozilla.com/en-US/blocklist/
LdrLoadDll: Blocking load of 'activedetect32.dll' -- see http://www.mozilla.com/en-US/blocklist/
LdrLoadDll: Blocking load of 'activedetect32.dll' -- see http://www.mozilla.com/en-US/blocklist/
LdrLoadDll: Blocking load of 'activedetect32.dll' -- see http://www.mozilla.com/en-US/blocklist/
1469004058452	DeferredSave.extensions.json	DEBUG	Write succeeded
1469004058452	addons.xpi-utils	DEBUG	XPI Database saved, setting schema version preference to 17
1469004058452	DeferredSave.extensions.json	DEBUG	Starting timer
1469004058479	DeferredSave.extensions.json	DEBUG	Starting write
1469004058484	addons.repository	DEBUG	No addons.json found.
1469004058485	DeferredSave.addons.json	DEBUG	Save changes
1469004058489	DeferredSave.addons.json	DEBUG	Starting timer
1469004058904	addons.manager	DEBUG	Starting provider: PreviousExperimentProvider
1469004058904	addons.manager	DEBUG	Registering shutdown blocker for PreviousExperimentProvider
1469004058905	addons.manager	DEBUG	Provider finished startup: PreviousExperimentProvider
1469004058913	DeferredSave.addons.json	DEBUG	Starting write
1469004058925	DeferredSave.extensions.json	DEBUG	Write succeeded
1469004058969	DeferredSave.addons.json	DEBUG	Write succeeded
LdrLoadDll: Blocking load of 'activedetect32.dll' -- see http://www.mozilla.com/en-US/blocklist/
LdrLoadDll: Blocking load of 'activedetect32.dll' -- see http://www.mozilla.com/en-US/blocklist/
LdrLoadDll: Blocking load of 'activedetect32.dll' -- see http://www.mozilla.com/en-US/blocklist/

Build info: version: '2.53.0', revision: '35ae25b1534ae328c771e0856c93e187490ca824', time: '2016-03-15 10:43:46'
System info: host: 'SATTVA', ip: '192.168.56.1', os.name: 'Windows 7', os.arch: 'amd64', os.version: '6.1', java.version: '1.8.0_71'
Driver info: driver.version: FirefoxDriver</message>
                <stack-trace>org.openqa.selenium.WebDriverException: Failed to connect to binary FirefoxBinary(C:\Program Files (x86)\Mozilla Firefox\firefox.exe) on port 7055; process output follows: 
dons.xpi	DEBUG	Calling bootstrap method startup on firefox@getpocket.com version 1.0.2
1469004056850	addons.xpi	DEBUG	Registering manifest for C:\Program Files (x86)\Mozilla Firefox\browser\features\loop@mozilla.org.xpi
1469004056851	addons.xpi	DEBUG	Calling bootstrap method startup on loop@mozilla.org version 1.3.2
1469004056904	addons.manager	DEBUG	Registering shutdown blocker for XPIProvider
1469004056905	addons.manager	DEBUG	Provider finished startup: XPIProvider
1469004056905	addons.manager	DEBUG	Starting provider: LightweightThemeManager
1469004056905	addons.manager	DEBUG	Registering shutdown blocker for LightweightThemeManager
1469004056906	addons.manager	DEBUG	Provider finished startup: LightweightThemeManager
1469004056908	addons.manager	DEBUG	Starting provider: GMPProvider
1469004056930	addons.manager	DEBUG	Registering shutdown blocker for GMPProvider
1469004056930	addons.manager	DEBUG	Provider finished startup: GMPProvider
1469004056931	addons.manager	DEBUG	Starting provider: PluginProvider
1469004056931	addons.manager	DEBUG	Registering shutdown blocker for PluginProvider
1469004056931	addons.manager	DEBUG	Provider finished startup: PluginProvider
1469004056932	addons.manager	DEBUG	Completed startup sequence
LdrLoadDll: Blocking load of 'activedetect32.dll' -- see http://www.mozilla.com/en-US/blocklist/
LdrLoadDll: Blocking load of 'activedetect32.dll' -- see http://www.mozilla.com/en-US/blocklist/
LdrLoadDll: Blocking load of 'activedetect32.dll' -- see http://www.mozilla.com/en-US/blocklist/
LdrLoadDll: Blocking load of 'activedetect32.dll' -- see http://www.mozilla.com/en-US/blocklist/
LdrLoadDll: Blocking load of 'activedetect32.dll' -- see http://www.mozilla.com/en-US/blocklist/
LdrLoadDll: Blocking load of 'activedetect32.dll' -- see http://www.mozilla.com/en-US/blocklist/
LdrLoadDll: Blocking load of 'activedetect32.dll' -- see http://www.mozilla.com/en-US/blocklist/
LdrLoadDll: Blocking load of 'activedetect32.dll' -- see http://www.mozilla.com/en-US/blocklist/
LdrLoadDll: Blocking load of 'activedetect32.dll' -- see http://www.mozilla.com/en-US/blocklist/
LdrLoadDll: Blocking load of 'activedetect32.dll' -- see http://www.mozilla.com/en-US/blocklist/
1469004057893	addons.manager	DEBUG	Starting provider: &lt;unnamed-provider&gt;
1469004057893	addons.manager	DEBUG	Registering shutdown blocker for &lt;unnamed-provider&gt;
1469004057894	addons.manager	DEBUG	Provider finished startup: &lt;unnamed-provider&gt;
LdrLoadDll: Blocking load of 'activedetect32.dll' -- see http://www.mozilla.com/en-US/blocklist/
LdrLoadDll: Blocking load of 'activedetect32.dll' -- see http://www.mozilla.com/en-US/blocklist/
LdrLoadDll: Blocking load of 'activedetect32.dll' -- see http://www.mozilla.com/en-US/blocklist/
LdrLoadDll: Blocking load of 'activedetect32.dll' -- see http://www.mozilla.com/en-US/blocklist/
1469004058452	DeferredSave.extensions.json	DEBUG	Write succeeded
1469004058452	addons.xpi-utils	DEBUG	XPI Database saved, setting schema version preference to 17
1469004058452	DeferredSave.extensions.json	DEBUG	Starting timer
1469004058479	DeferredSave.extensions.json	DEBUG	Starting write
1469004058484	addons.repository	DEBUG	No addons.json found.
1469004058485	DeferredSave.addons.json	DEBUG	Save changes
1469004058489	DeferredSave.addons.json	DEBUG	Starting timer
1469004058904	addons.manager	DEBUG	Starting provider: PreviousExperimentProvider
1469004058904	addons.manager	DEBUG	Registering shutdown blocker for PreviousExperimentProvider
1469004058905	addons.manager	DEBUG	Provider finished startup: PreviousExperimentProvider
1469004058913	DeferredSave.addons.json	DEBUG	Starting write
1469004058925	DeferredSave.extensions.json	DEBUG	Write succeeded
1469004058969	DeferredSave.addons.json	DEBUG	Write succeeded
LdrLoadDll: Blocking load of 'activedetect32.dll' -- see http://www.mozilla.com/en-US/blocklist/
LdrLoadDll: Blocking load of 'activedetect32.dll' -- see http://www.mozilla.com/en-US/blocklist/
LdrLoadDll: Blocking load of 'activedetect32.dll' -- see http://www.mozilla.com/en-US/blocklist/

Build info: version: '2.53.0', revision: '35ae25b1534ae328c771e0856c93e187490ca824', time: '2016-03-15 10:43:46'
System info: host: 'SATTVA', ip: '192.168.56.1', os.name: 'Windows 7', os.arch: 'amd64', os.version: '6.1', java.version: '1.8.0_71'
Driver info: driver.version: FirefoxDriver
	at org.openqa.selenium.firefox.internal.NewProfileExtensionConnection.start(NewProfileExtensionConnection.java:125)
	at org.openqa.selenium.firefox.FirefoxDriver.startClient(FirefoxDriver.java:271)
	at org.openqa.selenium.remote.RemoteWebDriver.&lt;init&gt;(RemoteWebDriver.java:119)
	at org.openqa.selenium.firefox.FirefoxDriver.&lt;init&gt;(FirefoxDriver.java:216)
	at org.openqa.selenium.firefox.FirefoxDriver.&lt;init&gt;(FirefoxDriver.java:211)
	at org.openqa.selenium.firefox.FirefoxDriver.&lt;init&gt;(FirefoxDriver.java:207)
	at org.openqa.selenium.firefox.FirefoxDriver.&lt;init&gt;(FirefoxDriver.java:120)
	at core.BrowserFact.setUp(BrowserFact.java:25)
	at sun.reflect.NativeMethodAccessorImpl.invoke0(Native Method)
	at sun.reflect.NativeMethodAccessorImpl.invoke(NativeMethodAccessorImpl.java:62)
	at sun.reflect.DelegatingMethodAccessorImpl.invoke(DelegatingMethodAccessorImpl.java:43)
	at java.lang.reflect.Method.invoke(Method.java:497)
	at org.testng.internal.MethodInvocationHelper.invokeMethod(MethodInvocationHelper.java:86)
	at org.testng.internal.Invoker.invokeConfigurationMethod(Invoker.java:514)
	at org.testng.internal.Invoker.invokeConfigurations(Invoker.java:215)
	at org.testng.internal.Invoker.invokeConfigurations(Invoker.java:142)
	at org.testng.TestRunner.beforeRun(TestRunner.java:656)
	at org.testng.TestRunner.run(TestRunner.java:624)
	at org.testng.SuiteRunner.runTest(SuiteRunner.java:366)
	at org.testng.SuiteRunner.runSequentially(SuiteRunner.java:361)
	at org.testng.SuiteRunner.privateRun(SuiteRunner.java:319)
	at org.testng.SuiteRunner.run(SuiteRunner.java:268)
	at org.testng.SuiteRunnerWorker.runSuite(SuiteRunnerWorker.java:52)
	at org.testng.SuiteRunnerWorker.run(SuiteRunnerWorker.java:86)
	at org.testng.TestNG.runSuitesSequentially(TestNG.java:1244)
	at org.testng.TestNG.runSuitesLocally(TestNG.java:1169)
	at org.testng.TestNG.run(TestNG.java:1064)
	at org.testng.IDEARemoteTestNG.run(IDEARemoteTestNG.java:74)
	at org.testng.RemoteTestNGStarter.main(RemoteTestNGStarter.java:121)
	at sun.reflect.NativeMethodAccessorImpl.invoke0(Native Method)
	at sun.reflect.NativeMethodAccessorImpl.invoke(NativeMethodAccessorImpl.java:62)
	at sun.reflect.DelegatingMethodAccessorImpl.invoke(DelegatingMethodAccessorImpl.java:43)
	at java.lang.reflect.Method.invoke(Method.java:497)
	at com.intellij.rt.execution.application.AppMain.main(AppMain.java:144)
Caused by: org.openqa.selenium.firefox.NotConnectedException: Unable to connect to host 127.0.0.1 on port 7055 after 45000 ms. Firefox console output:
dons.xpi	DEBUG	Calling bootstrap method startup on firefox@getpocket.com version 1.0.2
1469004056850	addons.xpi	DEBUG	Registering manifest for C:\Program Files (x86)\Mozilla Firefox\browser\features\loop@mozilla.org.xpi
1469004056851	addons.xpi	DEBUG	Calling bootstrap method startup on loop@mozilla.org version 1.3.2
1469004056904	addons.manager	DEBUG	Registering shutdown blocker for XPIProvider
1469004056905	addons.manager	DEBUG	Provider finished startup: XPIProvider
1469004056905	addons.manager	DEBUG	Starting provider: LightweightThemeManager
1469004056905	addons.manager	DEBUG	Registering shutdown blocker for LightweightThemeManager
1469004056906	addons.manager	DEBUG	Provider finished startup: LightweightThemeManager
1469004056908	addons.manager	DEBUG	Starting provider: GMPProvider
1469004056930	addons.manager	DEBUG	Registering shutdown blocker for GMPProvider
1469004056930	addons.manager	DEBUG	Provider finished startup: GMPProvider
1469004056931	addons.manager	DEBUG	Starting provider: PluginProvider
1469004056931	addons.manager	DEBUG	Registering shutdown blocker for PluginProvider
1469004056931	addons.manager	DEBUG	Provider finished startup: PluginProvider
1469004056932	addons.manager	DEBUG	Completed startup sequence
LdrLoadDll: Blocking load of 'activedetect32.dll' -- see http://www.mozilla.com/en-US/blocklist/
LdrLoadDll: Blocking load of 'activedetect32.dll' -- see http://www.mozilla.com/en-US/blocklist/
LdrLoadDll: Blocking load of 'activedetect32.dll' -- see http://www.mozilla.com/en-US/blocklist/
LdrLoadDll: Blocking load of 'activedetect32.dll' -- see http://www.mozilla.com/en-US/blocklist/
LdrLoadDll: Blocking load of 'activedetect32.dll' -- see http://www.mozilla.com/en-US/blocklist/
LdrLoadDll: Blocking load of 'activedetect32.dll' -- see http://www.mozilla.com/en-US/blocklist/
LdrLoadDll: Blocking load of 'activedetect32.dll' -- see http://www.mozilla.com/en-US/blocklist/
LdrLoadDll: Blocking load of 'activedetect32.dll' -- see http://www.mozilla.com/en-US/blocklist/
LdrLoadDll: Blocking load of 'activedetect32.dll' -- see http://www.mozilla.com/en-US/blocklist/
LdrLoadDll: Blocking load of 'activedetect32.dll' -- see http://www.mozilla.com/en-US/blocklist/
1469004057893	addons.manager	DEBUG	Starting provider: &lt;unnamed-provider&gt;
1469004057893	addons.manager	DEBUG	Registering shutdown blocker for &lt;unnamed-provider&gt;
1469004057894	addons.manager	DEBUG	Provider finished startup: &lt;unnamed-provider&gt;
LdrLoadDll: Blocking load of 'activedetect32.dll' -- see http://www.mozilla.com/en-US/blocklist/
LdrLoadDll: Blocking load of 'activedetect32.dll' -- see http://www.mozilla.com/en-US/blocklist/
LdrLoadDll: Blocking load of 'activedetect32.dll' -- see http://www.mozilla.com/en-US/blocklist/
LdrLoadDll: Blocking load of 'activedetect32.dll' -- see http://www.mozilla.com/en-US/blocklist/
1469004058452	DeferredSave.extensions.json	DEBUG	Write succeeded
1469004058452	addons.xpi-utils	DEBUG	XPI Database saved, setting schema version preference to 17
1469004058452	DeferredSave.extensions.json	DEBUG	Starting timer
1469004058479	DeferredSave.extensions.json	DEBUG	Starting write
1469004058484	addons.repository	DEBUG	No addons.json found.
1469004058485	DeferredSave.addons.json	DEBUG	Save changes
1469004058489	DeferredSave.addons.json	DEBUG	Starting timer
1469004058904	addons.manager	DEBUG	Starting provider: PreviousExperimentProvider
1469004058904	addons.manager	DEBUG	Registering shutdown blocker for PreviousExperimentProvider
1469004058905	addons.manager	DEBUG	Provider finished startup: PreviousExperimentProvider
1469004058913	DeferredSave.addons.json	DEBUG	Starting write
1469004058925	DeferredSave.extensions.json	DEBUG	Write succeeded
1469004058969	DeferredSave.addons.json	DEBUG	Write succeeded
LdrLoadDll: Blocking load of 'activedetect32.dll' -- see http://www.mozilla.com/en-US/blocklist/
LdrLoadDll: Blocking load of 'activedetect32.dll' -- see http://www.mozilla.com/en-US/blocklist/
LdrLoadDll: Blocking load of 'activedetect32.dll' -- see http://www.mozilla.com/en-US/blocklist/

	at org.openqa.selenium.firefox.internal.NewProfileExtensionConnection.start(NewProfileExtensionConnection.java:113)
	... 33 more
</stack-trace>
            </failure>
            <steps/>
            <attachments/>
            <labels>
                <label name="host" value="SATTVA"/>
                <label name="thread" value="17480@SATTVA.main(1)"/>
            </labels>
        </test-case>
        <test-case start="1469004102376" stop="1469004102380" status="canceled">
            <name>logoVerify</name>
            <failure>
                <message>: Skipped due to dependency on other skipped or failed test methods</message>
                <stack-trace>ru.yandex.qatools.allure.testng.AllureTestListener$1: Skipped due to dependency on other skipped or failed test methods
	at ru.yandex.qatools.allure.testng.AllureTestListener.fireTestCaseCancel(AllureTestListener.java:356)
	at ru.yandex.qatools.allure.testng.AllureTestListener.onTestSkipped(AllureTestListener.java:171)
	at org.testng.internal.Invoker.runTestListeners(Invoker.java:1683)
	at org.testng.internal.Invoker.runTestListeners(Invoker.java:1675)
	at org.testng.internal.Invoker.invokeMethod(Invoker.java:700)
	at org.testng.internal.Invoker.invokeTestMethod(Invoker.java:820)
	at org.testng.internal.Invoker.invokeTestMethods(Invoker.java:1128)
	at org.testng.internal.TestMethodWorker.invokeTestMethods(TestMethodWorker.java:129)
	at org.testng.internal.TestMethodWorker.run(TestMethodWorker.java:112)
	at org.testng.TestRunner.privateRun(TestRunner.java:782)
	at org.testng.TestRunner.run(TestRunner.java:632)
	at org.testng.SuiteRunner.runTest(SuiteRunner.java:366)
	at org.testng.SuiteRunner.runSequentially(SuiteRunner.java:361)
	at org.testng.SuiteRunner.privateRun(SuiteRunner.java:319)
	at org.testng.SuiteRunner.run(SuiteRunner.java:268)
	at org.testng.SuiteRunnerWorker.runSuite(SuiteRunnerWorker.java:52)
	at org.testng.SuiteRunnerWorker.run(SuiteRunnerWorker.java:86)
	at org.testng.TestNG.runSuitesSequentially(TestNG.java:1244)
	at org.testng.TestNG.runSuitesLocally(TestNG.java:1169)
	at org.testng.TestNG.run(TestNG.java:1064)
	at org.testng.IDEARemoteTestNG.run(IDEARemoteTestNG.java:74)
	at org.testng.RemoteTestNGStarter.main(RemoteTestNGStarter.java:121)
	at sun.reflect.NativeMethodAccessorImpl.invoke0(Native Method)
	at sun.reflect.NativeMethodAccessorImpl.invoke(NativeMethodAccessorImpl.java:62)
	at sun.reflect.DelegatingMethodAccessorImpl.invoke(DelegatingMethodAccessorImpl.java:43)
	at java.lang.reflect.Method.invoke(Method.java:497)
	at com.intellij.rt.execution.application.AppMain.main(AppMain.java:144)
</stack-trace>
            </failure>
            <steps/>
            <attachments/>
            <labels>
                <label name="host" value="SATTVA"/>
                <label name="thread" value="17480@SATTVA.main(1)"/>
            </labels>
        </test-case>
        <test-case start="1469004102383" stop="1469004102383" status="canceled">
            <name>tearDown</name>
            <description>@AfterTest</description>
            <failure>
                <message>: Skipped due to dependency on other skipped or failed test methods</message>
                <stack-trace>ru.yandex.qatools.allure.testng.AllureTestListener$1: Skipped due to dependency on other skipped or failed test methods
	at ru.yandex.qatools.allure.testng.AllureTestListener.fireTestCaseCancel(AllureTestListener.java:356)
	at ru.yandex.qatools.allure.testng.AllureTestListener.onConfigurationSkip(AllureTestListener.java:116)
	at org.testng.internal.Invoker.runConfigurationListeners(Invoker.java:1661)
	at org.testng.internal.Invoker.handleConfigurationSkip(Invoker.java:257)
	at org.testng.internal.Invoker.invokeConfigurations(Invoker.java:195)
	at org.testng.internal.Invoker.invokeConfigurations(Invoker.java:142)
	at org.testng.TestRunner.afterRun(TestRunner.java:1012)
	at org.testng.TestRunner.run(TestRunner.java:636)
	at org.testng.SuiteRunner.runTest(SuiteRunner.java:366)
	at org.testng.SuiteRunner.runSequentially(SuiteRunner.java:361)
	at org.testng.SuiteRunner.privateRun(SuiteRunner.java:319)
	at org.testng.SuiteRunner.run(SuiteRunner.java:268)
	at org.testng.SuiteRunnerWorker.runSuite(SuiteRunnerWorker.java:52)
	at org.testng.SuiteRunnerWorker.run(SuiteRunnerWorker.java:86)
	at org.testng.TestNG.runSuitesSequentially(TestNG.java:1244)
	at org.testng.TestNG.runSuitesLocally(TestNG.java:1169)
	at org.testng.TestNG.run(TestNG.java:1064)
	at org.testng.IDEARemoteTestNG.run(IDEARemoteTestNG.java:74)
	at org.testng.RemoteTestNGStarter.main(RemoteTestNGStarter.java:121)
	at sun.reflect.NativeMethodAccessorImpl.invoke0(Native Method)
	at sun.reflect.NativeMethodAccessorImpl.invoke(NativeMethodAccessorImpl.java:62)
	at sun.reflect.DelegatingMethodAccessorImpl.invoke(DelegatingMethodAccessorImpl.java:43)
	at java.lang.reflect.Method.invoke(Method.java:497)
	at com.intellij.rt.execution.application.AppMain.main(AppMain.java:144)
</stack-trace>
            </failure>
            <steps/>
            <attachments/>
            <labels>
                <label name="host" value="SATTVA"/>
                <label name="thread" value="17480@SATTVA.main(1)"/>
            </labels>
        </test-case>
    </test-cases>
    <labels>
        <label name="framework" value="TestNG"/>
        <label name="language" value="JAVA"/>
    </labels>
</ns2:test-suite>
