<!DOCTYPE html PUBLIC "-//W3C//DTD XHTML 1.1//EN" "http://www.w3.org/TR/xhtml11/DTD/xhtml11.dtd">
<html xmlns="http://www.w3.org/1999/xhtml"><head><title>TestNG Report</title><style type="text/css">table {margin-bottom:10px;border-collapse:collapse;empty-cells:show}th,td {border:1px solid #009;padding:.25em .5em}th {vertical-align:bottom}td {vertical-align:top}table a {font-weight:bold}.stripe td {background-color: #E6EBF9}.num {text-align:right}.passedodd td {background-color: #3F3}.passedeven td {background-color: #0A0}.skippedodd td {background-color: #DDD}.skippedeven td {background-color: #CCC}.failedodd td,.attn {background-color: #F33}.failedeven td,.stripe .attn {background-color: #D00}.stacktrace {white-space:pre;font-family:monospace}.totop {font-size:85%;text-align:center;border-bottom:2px solid #000}</style></head><body><table><tr><th>Test</th><th># Passed</th><th># Skipped</th><th># Failed</th><th>Time (ms)</th><th>Included Groups</th><th>Excluded Groups</th></tr><tr><th colspan="7">API Test Suite</th></tr><tr><td><a href="#t0">Verify POST response</a></td><td class="num">5</td><td class="num">0</td><td class="num attn">3</td><td class="num">56 828</td><td></td><td></td></tr><tr class="stripe"><td><a href="#t1">Verify DELETE response</a></td><td class="num">0</td><td class="num attn">4</td><td class="num">0</td><td class="num">5 532</td><td></td><td></td></tr><tr><th>Total</th><th class="num">5</th><th class="num attn">4</th><th class="num attn">3</th><th class="num">62 360</th><th colspan="2"></th></tr></table><table><thead><tr><th>Class</th><th>Method</th><th>Start</th><th>Time (ms)</th></tr></thead><tbody><tr><th colspan="4">API Test Suite</th></tr></tbody><tbody id="t0"><tr><th colspan="4">Verify POST response &#8212; failed (configuration methods)</th></tr><tr class="failedeven"><td rowspan="1">apiTests.CreateDocument</td><td><a href="#m0">tearDown</a></td><td rowspan="1">1468936301713</td><td rowspan="1">0</td></tr><tr><th colspan="4">Verify POST response &#8212; failed</th></tr><tr class="failedeven"><td rowspan="3">apiTests.CreateDocument</td><td><a href="#m1">clickAllDocsMenu</a></td><td rowspan="1">1468936301619</td><td rowspan="1">53</td></tr><tr class="failedeven"><td><a href="#m2">clickLogInBtn</a></td><td rowspan="1">1468936298007</td><td rowspan="1">3564</td></tr><tr class="failedeven"><td><a href="#m3">verifyDocCreation</a></td><td rowspan="1">1468936301685</td><td rowspan="1">19</td></tr><tr><th colspan="4">Verify POST response &#8212; passed</th></tr><tr class="passedeven"><td rowspan="5">apiTests.CreateDocument</td><td><a href="#m4">createDocument</a></td><td rowspan="1">1468936250146</td><td rowspan="1">39455</td></tr><tr class="passedeven"><td><a href="#m5">openLogInPage</a></td><td rowspan="1">1468936294721</td><td rowspan="1">2800</td></tr><tr class="passedeven"><td><a href="#m6">openMainPage</a></td><td rowspan="1">1468936289610</td><td rowspan="1">5098</td></tr><tr class="passedeven"><td><a href="#m7">typeEmail</a></td><td rowspan="1">1468936297523</td><td rowspan="1">258</td></tr><tr class="passedeven"><td><a href="#m8">typePass</a></td><td rowspan="1">1468936297783</td><td rowspan="1">221</td></tr></tbody><tbody id="t1"><tr><th colspan="4">Verify DELETE response &#8212; failed (configuration methods)</th></tr><tr class="failedeven"><td rowspan="1">apiTests.DeleteDocument</td><td><a href="#m9">setUp</a></td><td rowspan="1">1468936303360</td><td rowspan="1">0</td></tr><tr><th colspan="4">Verify DELETE response &#8212; skipped (configuration methods)</th></tr><tr class="skippedeven"><td rowspan="1">apiTests.DeleteDocument</td><td><a href="#m10">tearDown</a></td><td rowspan="1">1468936308889</td><td rowspan="1">0</td></tr><tr><th colspan="4">Verify DELETE response &#8212; skipped</th></tr><tr class="skippedeven"><td rowspan="4">apiTests.DeleteDocument</td><td><a href="#m11">deleteDocument</a></td><td rowspan="1">1468936308885</td><td rowspan="1">1</td></tr><tr class="skippedeven"><td><a href="#m12">getDocs</a></td><td rowspan="1">1468936308881</td><td rowspan="1">1</td></tr><tr class="skippedeven"><td><a href="#m13">getNewDocs</a></td><td rowspan="1">1468936308886</td><td rowspan="1">1</td></tr><tr class="skippedeven"><td><a href="#m14">verifyDeletedDoc</a></td><td rowspan="1">1468936308888</td><td rowspan="1">1</td></tr></tbody></table><h2>Verify POST response</h2><h3 id="m0">apiTests.CreateDocument#tearDown</h3><table class="result"><tr><th>Exception</th></tr><tr><td><div class="stacktrace">org.openqa.selenium.WebDriverException: chrome not reachable
  (Session info: chrome=52.0.2743.75)
  (Driver info: chromedriver=2.21.371459 (36d3d07f660ff2bc1bf28a75d1cdabed0983e7c4),platform=Windows NT 6.1 SP1 x86_64) (WARNING: The server did not provide any stacktrace information)
Command duration or timeout: 1.02 seconds
Build info: version: &apos;2.53.0&apos;, revision: &apos;35ae25b1534ae328c771e0856c93e187490ca824&apos;, time: &apos;2016-03-15 10:43:46&apos;
System info: host: &apos;SATTVA&apos;, ip: &apos;192.168.56.1&apos;, os.name: &apos;Windows 7&apos;, os.arch: &apos;amd64&apos;, os.version: &apos;6.1&apos;, java.version: &apos;1.8.0_71&apos;
Driver info: org.openqa.selenium.chrome.ChromeDriver
Capabilities [{applicationCacheEnabled=false, rotatable=false, mobileEmulationEnabled=false, chrome={chromedriverVersion=2.21.371459 (36d3d07f660ff2bc1bf28a75d1cdabed0983e7c4), userDataDir=C:\Users\DAN\AppData\Local\Temp\scoped_dir70456_22651}, takesHeapSnapshot=true, databaseEnabled=false, handlesAlerts=true, hasTouchScreen=false, version=52.0.2743.75, platform=XP, browserConnectionEnabled=false, nativeEvents=true, acceptSslCerts=true, locationContextEnabled=true, webStorageEnabled=true, browserName=chrome, takesScreenshot=true, javascriptEnabled=true, cssSelectorsEnabled=true}]
Session ID: 2fd27fef694b38cf5159614edd1608bd
	at org.openqa.selenium.remote.ErrorHandler.createThrowable(ErrorHandler.java:206)
	at org.openqa.selenium.remote.ErrorHandler.throwIfResponseFailed(ErrorHandler.java:158)
	at org.openqa.selenium.remote.RemoteWebDriver.execute(RemoteWebDriver.java:678)
	at org.openqa.selenium.remote.RemoteWebDriver.execute(RemoteWebDriver.java:701)
	at org.openqa.selenium.remote.RemoteWebDriver.close(RemoteWebDriver.java:521)
	at core.BrowserFact.tearDown(BrowserFact.java:27)
... Removed 29 stack frames</div></td></tr></table><p class="totop"><a href="#summary">back to summary</a></p><h3 id="m1">apiTests.CreateDocument#clickAllDocsMenu</h3><table class="result"><tr><th>Exception</th></tr><tr><td><div class="stacktrace">org.openqa.selenium.NoSuchWindowException: no such window: target window already closed
from unknown error: web view not found
  (Session info: chrome=52.0.2743.75)
  (Driver info: chromedriver=2.21.371459 (36d3d07f660ff2bc1bf28a75d1cdabed0983e7c4),platform=Windows NT 6.1 SP1 x86_64) (WARNING: The server did not provide any stacktrace information)
Command duration or timeout: 36 milliseconds
Build info: version: &apos;2.53.0&apos;, revision: &apos;35ae25b1534ae328c771e0856c93e187490ca824&apos;, time: &apos;2016-03-15 10:43:46&apos;
System info: host: &apos;SATTVA&apos;, ip: &apos;192.168.56.1&apos;, os.name: &apos;Windows 7&apos;, os.arch: &apos;amd64&apos;, os.version: &apos;6.1&apos;, java.version: &apos;1.8.0_71&apos;
Driver info: org.openqa.selenium.chrome.ChromeDriver
Capabilities [{applicationCacheEnabled=false, rotatable=false, mobileEmulationEnabled=false, chrome={chromedriverVersion=2.21.371459 (36d3d07f660ff2bc1bf28a75d1cdabed0983e7c4), userDataDir=C:\Users\DAN\AppData\Local\Temp\scoped_dir70456_22651}, takesHeapSnapshot=true, databaseEnabled=false, handlesAlerts=true, hasTouchScreen=false, version=52.0.2743.75, platform=XP, browserConnectionEnabled=false, nativeEvents=true, acceptSslCerts=true, locationContextEnabled=true, webStorageEnabled=true, browserName=chrome, takesScreenshot=true, javascriptEnabled=true, cssSelectorsEnabled=true}]
Session ID: 2fd27fef694b38cf5159614edd1608bd
*** Element info: {Using=xpath, value=//*[@id=&apos;fnamemy_docs&apos;]}
	at org.openqa.selenium.remote.ErrorHandler.createThrowable(ErrorHandler.java:206)
	at org.openqa.selenium.remote.ErrorHandler.throwIfResponseFailed(ErrorHandler.java:158)
	at org.openqa.selenium.remote.RemoteWebDriver.execute(RemoteWebDriver.java:678)
	at org.openqa.selenium.remote.RemoteWebDriver.findElement(RemoteWebDriver.java:363)
	at org.openqa.selenium.remote.RemoteWebDriver.findElementByXPath(RemoteWebDriver.java:500)
	at org.openqa.selenium.By$ByXPath.findElement(By.java:361)
	at org.openqa.selenium.remote.RemoteWebDriver.findElement(RemoteWebDriver.java:355)
	at core.MethodsFact.click(MethodsFact.java:43)
	at pages.FormsPage.clickAllDocsMenuBtn(FormsPage.java:13)
	at apiTests.CreateDocument.clickAllDocsMenu(CreateDocument.java:53)
... Removed 31 stack frames</div></td></tr></table><p class="totop"><a href="#summary">back to summary</a></p><h3 id="m2">apiTests.CreateDocument#clickLogInBtn</h3><table class="result"><tr><th>Exception</th></tr><tr><td><div class="stacktrace">java.lang.NullPointerException
	at org.openqa.selenium.remote.RemoteWebDriver.findElements(RemoteWebDriver.java:397)
	at org.openqa.selenium.remote.RemoteWebDriver.findElementsByXPath(RemoteWebDriver.java:504)
	at org.openqa.selenium.By$ByXPath.findElements(By.java:356)
	at org.openqa.selenium.remote.RemoteWebDriver.findElements(RemoteWebDriver.java:351)
	at pages.LogInPage$1.apply(LogInPage.java:31)
	at pages.LogInPage$1.apply(LogInPage.java:28)
	at org.openqa.selenium.support.ui.FluentWait.until(FluentWait.java:238)
	at pages.LogInPage.clickLogInBtn(LogInPage.java:28)
	at apiTests.CreateDocument.clickLogInBtn(CreateDocument.java:48)
... Removed 27 stack frames</div></td></tr></table><p class="totop"><a href="#summary">back to summary</a></p><h3 id="m3">apiTests.CreateDocument#verifyDocCreation</h3><table class="result"><tr><th>Exception</th></tr><tr><td><div class="stacktrace">org.openqa.selenium.NoSuchWindowException: no such window: target window already closed
from unknown error: web view not found
  (Session info: chrome=52.0.2743.75)
  (Driver info: chromedriver=2.21.371459 (36d3d07f660ff2bc1bf28a75d1cdabed0983e7c4),platform=Windows NT 6.1 SP1 x86_64) (WARNING: The server did not provide any stacktrace information)
Command duration or timeout: 14 milliseconds
Build info: version: &apos;2.53.0&apos;, revision: &apos;35ae25b1534ae328c771e0856c93e187490ca824&apos;, time: &apos;2016-03-15 10:43:46&apos;
System info: host: &apos;SATTVA&apos;, ip: &apos;192.168.56.1&apos;, os.name: &apos;Windows 7&apos;, os.arch: &apos;amd64&apos;, os.version: &apos;6.1&apos;, java.version: &apos;1.8.0_71&apos;
Driver info: org.openqa.selenium.chrome.ChromeDriver
Capabilities [{applicationCacheEnabled=false, rotatable=false, mobileEmulationEnabled=false, chrome={chromedriverVersion=2.21.371459 (36d3d07f660ff2bc1bf28a75d1cdabed0983e7c4), userDataDir=C:\Users\DAN\AppData\Local\Temp\scoped_dir70456_22651}, takesHeapSnapshot=true, databaseEnabled=false, handlesAlerts=true, hasTouchScreen=false, version=52.0.2743.75, platform=XP, browserConnectionEnabled=false, nativeEvents=true, acceptSslCerts=true, locationContextEnabled=true, webStorageEnabled=true, browserName=chrome, takesScreenshot=true, javascriptEnabled=true, cssSelectorsEnabled=true}]
Session ID: 2fd27fef694b38cf5159614edd1608bd
*** Element info: {Using=xpath, value=//*[@id=&apos;name70952763&apos;]}
	at org.openqa.selenium.remote.ErrorHandler.createThrowable(ErrorHandler.java:206)
	at org.openqa.selenium.remote.ErrorHandler.throwIfResponseFailed(ErrorHandler.java:158)
	at org.openqa.selenium.remote.RemoteWebDriver.execute(RemoteWebDriver.java:678)
	at org.openqa.selenium.remote.RemoteWebDriver.findElements(RemoteWebDriver.java:388)
	at org.openqa.selenium.remote.RemoteWebDriver.findElementsByXPath(RemoteWebDriver.java:504)
	at org.openqa.selenium.By$ByXPath.findElements(By.java:356)
	at org.openqa.selenium.remote.RemoteWebDriver.findElements(RemoteWebDriver.java:351)
	at pages.FormsPage.verifyDocCreation(FormsPage.java:23)
	at apiTests.CreateDocument.verifyDocCreation(CreateDocument.java:58)
... Removed 31 stack frames</div></td></tr></table><p class="totop"><a href="#summary">back to summary</a></p><h3 id="m4">apiTests.CreateDocument#createDocument</h3><table class="result"><tr class="param"><th>Parameter #1</th></tr><tr class="param stripe"><td>{&quot;file&quot;:&quot;http://downloads.palass.org/annual_meeting/2000/confabs2000.pdf&quot;}</td></tr></table><p class="totop"><a href="#summary">back to summary</a></p><h3 id="m5">apiTests.CreateDocument#openLogInPage</h3><table class="result"></table><p class="totop"><a href="#summary">back to summary</a></p><h3 id="m6">apiTests.CreateDocument#openMainPage</h3><table class="result"></table><p class="totop"><a href="#summary">back to summary</a></p><h3 id="m7">apiTests.CreateDocument#typeEmail</h3><table class="result"><tr class="param"><th>Parameter #1</th></tr><tr class="param stripe"><td>EMAIL111</td></tr></table><p class="totop"><a href="#summary">back to summary</a></p><h3 id="m8">apiTests.CreateDocument#typePass</h3><table class="result"><tr class="param"><th>Parameter #1</th></tr><tr class="param stripe"><td>PASS111</td></tr></table><p class="totop"><a href="#summary">back to summary</a></p><h2>Verify DELETE response</h2><h3 id="m9">apiTests.DeleteDocument#setUp</h3><table class="result"><tr><th>Exception</th></tr><tr><td><div class="stacktrace">org.openqa.selenium.SessionNotCreatedException: session not created exception
from disconnected: Unable to receive message from renderer
  (Session info: chrome=52.0.2743.75)
  (Driver info: chromedriver=2.21.371459 (36d3d07f660ff2bc1bf28a75d1cdabed0983e7c4),platform=Windows NT 6.1 SP1 x86_64) (WARNING: The server did not provide any stacktrace information)
Command duration or timeout: 3.61 seconds
Build info: version: &apos;2.53.0&apos;, revision: &apos;35ae25b1534ae328c771e0856c93e187490ca824&apos;, time: &apos;2016-03-15 10:43:46&apos;
System info: host: &apos;SATTVA&apos;, ip: &apos;192.168.56.1&apos;, os.name: &apos;Windows 7&apos;, os.arch: &apos;amd64&apos;, os.version: &apos;6.1&apos;, java.version: &apos;1.8.0_71&apos;
Driver info: org.openqa.selenium.chrome.ChromeDriver
	at org.openqa.selenium.remote.ErrorHandler.createThrowable(ErrorHandler.java:206)
	at org.openqa.selenium.remote.ErrorHandler.throwIfResponseFailed(ErrorHandler.java:158)
	at org.openqa.selenium.remote.RemoteWebDriver.execute(RemoteWebDriver.java:678)
	at org.openqa.selenium.remote.RemoteWebDriver.startSession(RemoteWebDriver.java:249)
	at org.openqa.selenium.remote.RemoteWebDriver.&lt;init&gt;(RemoteWebDriver.java:131)
	at org.openqa.selenium.remote.RemoteWebDriver.&lt;init&gt;(RemoteWebDriver.java:144)
	at org.openqa.selenium.chrome.ChromeDriver.&lt;init&gt;(ChromeDriver.java:170)
	at org.openqa.selenium.chrome.ChromeDriver.&lt;init&gt;(ChromeDriver.java:159)
	at org.openqa.selenium.chrome.ChromeDriver.&lt;init&gt;(ChromeDriver.java:116)
	at core.BrowserFact.setUp(BrowserFact.java:17)
... Removed 29 stack frames</div></td></tr></table><p class="totop"><a href="#summary">back to summary</a></p><h3 id="m10">apiTests.DeleteDocument#tearDown</h3><table class="result"></table><p class="totop"><a href="#summary">back to summary</a></p><h3 id="m11">apiTests.DeleteDocument#deleteDocument</h3><table class="result"></table><p class="totop"><a href="#summary">back to summary</a></p><h3 id="m12">apiTests.DeleteDocument#getDocs</h3><table class="result"></table><p class="totop"><a href="#summary">back to summary</a></p><h3 id="m13">apiTests.DeleteDocument#getNewDocs</h3><table class="result"></table><p class="totop"><a href="#summary">back to summary</a></p><h3 id="m14">apiTests.DeleteDocument#verifyDeletedDoc</h3><table class="result"></table><p class="totop"><a href="#summary">back to summary</a></p></body></html>